<?xml version="1.0" encoding="UTF-8"?>
<!-- Generated by org.testng.reporters.JUnitReportReporter -->
<testsuite hostname="win2019" failures="0" tests="1" name="MTV22.HIOX" time="6.284" errors="0" timestamp="2024-08-28T19:29:45 PDT" skipped="0">
  <testcase classname="MTV22.HIOX" name="example" time="6.284"/>
  <system-out/>
</testsuite> <!-- MTV22.HIOX -->
