<?xml version="1.0" encoding="UTF-8"?>
<!-- Generated by org.testng.reporters.JUnitReportReporter -->
<testsuite hostname="win2019" failures="0" tests="1" name="Drop_down_casestudy.Facebook_page" time="17.169" errors="0" timestamp="2024-08-26T09:02:48 PDT" skipped="0">
  <testcase classname="Drop_down_casestudy.Facebook_page" name="Dropdown1" time="17.169"/>
  <system-out/>
</testsuite> <!-- Drop_down_casestudy.Facebook_page -->
